
[    1.708204] exynos-ufshc 14700000.ufs: ufshcd_dev_cmd_completion: Invalid device management cmd response: ab (dev_cmd.type=0)

[    1.712670] UTRD: 00000000: 11000000 00000000 00000000 00000000

[    1.718565] UTRD: 00000010: fe400000 00000000 02000200 04000000

[    1.724464] REQ UPIU: 00000000: 00000000 00000000 00000000 00000000

[    1.730711] REQ UPIU: 00000010: 00000000 00000000 00000000

[    1.736178] RSP UPIU: 00000000: abababab abababab abababab abababab

[    1.742424] RSP UPIU: 00000010: abababab abababab abababab

[    1.747890] exynos-ufshc 14700000.ufs:   rsp DMA=0x00000000fe400200  utrd DMA=0x000000088e44c000

[    1.756657] exynos-ufshc 14700000.ufs:   HCI: HCE=0x00000001 HCS=0x0000000f IS=0x00000000 IE=0x00071ef5

[    1.766028] exynos-ufshc 14700000.ufs:   HCI: UTRLDBR=0x00000000 UTRLRSR=0x00000001 UTRLCNR=0x00000000

[    1.775310] exynos-ufshc 14700000.ufs:   UIC errs: PA=0x00000000 DL=0x00000000 N=0x00000000 T=0x00000000 DME=0x00000000

[    1.786067] RSP UPIU (after sync): 00000000: abababab abababab abababab abababab

[    1.793441] RSP UPIU (after sync): 00000010: abababab abababab abababab

[    1.800036] UCD+0x800 (alt rsp loc): 00000000: 00000020 00000000 00000000 00000000

[    1.807584] UCD+0x800 (alt rsp loc): 00000010: 00000000 00000000 00000000

[    1.814356] exynos-ufshc 14700000.ufs:   S2MPU-HSI2: VERSION=0x11000002 STATUS=0x00000000 CTRL0=0x00000000 CTRL1=0x00000003 FAULT_STATUS=0x00000000

[    1.828038] exynos-ufshc 14700000.ufs: ufshcd_dev_cmd_completion: Invalid device management cmd response: ab (dev_cmd.type=0)

[    1.838821] UTRD: 00000000: 11000000 00000000 00000000 00000000

[    1.844719] UTRD: 00000010: fe400000 00000000 02000200 04000000

[    1.850619] REQ UPIU: 00000000: 00000000 00000000 00000000 00000000

[    1.856865] REQ UPIU: 00000010: 00000000 00000000 00000000

[    1.862332] RSP UPIU: 00000000: abababab abababab abababab abababab

[    1.868578] RSP UPIU: 00000010: abababab abababab abababab

[    1.874044] exynos-ufshc 14700000.ufs:   rsp DMA=0x00000000fe400200  utrd DMA=0x000000088e44c000

[    1.882810] exynos-ufshc 14700000.ufs:   HCI: HCE=0x00000001 HCS=0x0000000f IS=0x00000000 IE=0x00071ef5

[    1.892192] exynos-ufshc 14700000.ufs:   HCI: UTRLDBR=0x00000000 UTRLRSR=0x00000001 UTRLCNR=0x00000000

[    1.901465] exynos-ufshc 14700000.ufs:   UIC errs: PA=0x00000000 DL=0x00000000 N=0x00000000 T=0x00000000 DME=0x00000000

[    1.912221] RSP UPIU (after sync): 00000000: abababab abababab abababab abababab

[    1.919622] RSP UPIU (after sync): 00000010: abababab abababab abababab

[    1.926207] UCD+0x800 (alt rsp loc): 00000000: 00000020 00000000 00000000 00000000

[    1.933741] UCD+0x800 (alt rsp loc): 00000010: 00000000 00000000 00000000

[    1.940512] exynos-ufshc 14700000.ufs:   S2MPU-HSI2: VERSION=0x11000002 STATUS=0x00000000 CTRL0=0x00000000 CTRL1=0x00000003 FAULT_STATUS=0x00000000

[    1.954190] exynos-ufshc 14700000.ufs: ufshcd_dev_cmd_completion: Invalid device management cmd response: ab (dev_cmd.type=0)

[    1.964977] UTRD: 00000000: 11000000 00000000 00000000 00000000

[    1.970874] UTRD: 00000010: fe400000 00000000 02000200 04000000

[    1.976774] REQ UPIU: 00000000: 00000000 00000000 00000000 00000000

[    1.983021] REQ UPIU: 00000010: 00000000 00000000 00000000

[    1.988486] RSP UPIU: 00000000: abababab abababab abababab abababab

[    1.994734] RSP UPIU: 00000010: abababab abababab abababab

[    2.000199] exynos-ufshc 14700000.ufs:   rsp DMA=0x00000000fe400200  utrd DMA=0x000000088e44c000

